<?xml version="1.0" encoding="UTF-8"?>
<!-- Generated by org.testng.reporters.JUnitXMLReporter -->
<testsuite ignored="0" hostname="LAPTOP-TK04FDR9" failures="0" tests="5" name="Test2" time="19.583" errors="0" timestamp="2025-10-17T09:08:23 IST">
  <testcase classname="testscript.LoginTest" name="verifyTheUserIsAbleToLoginWithValidCredentials" time="0.153">
    <skipped/>
  </testcase> <!-- verifyTheUserIsAbleToLoginWithValidCredentials -->
  <testcase classname="testscript.LoginTest" name="verifyTheUserIsAbleToLoginWithValidCredentials" time="1.337"/>
  <testcase classname="testscript.LoginTest" name="verifyTheUserIsNotAbleToLoginWithInvalidUsernameAndInvalidPassword" time="0.549"/>
  <testcase classname="testscript.LoginTest" name="verifyTheUserIsNotAbleToLoginWithInvalidUsernameAndValidPassword" time="0.475"/>
  <testcase classname="testscript.LoginTest" name="verifyTheUserIsNotAbleToLoginWithValidUsernameAndInvalidPassword" time="0.742"/>
</testsuite> <!-- Test2 -->
