<?xml version="1.0" encoding="UTF-8"?>
<!-- Generated by org.testng.reporters.JUnitXMLReporter -->
<testsuite ignored="0" hostname="LAPTOP-TK04FDR9" failures="0" tests="5" name="Test" time="15.334" errors="0" timestamp="2025-10-17T08:56:57 IST">
  <testcase classname="testscript.LoginTest" name="verifyTheUserIsAbleToLoginWithValidCredentials" time="1.482"/>
  <testcase classname="testscript.NewsTest" name="verifyTheUserIsAbleToCreateTheNews" time="2.658"/>
  <testcase classname="testscript.LoginTest" name="verifyTheUserIsNotAbleToLoginWithInvalidUsernameAndInvalidPassword" time="0.544"/>
  <testcase classname="testscript.LoginTest" name="verifyTheUserIsNotAbleToLoginWithInvalidUsernameAndValidPassword" time="0.57"/>
  <testcase classname="testscript.LoginTest" name="verifyTheUserIsNotAbleToLoginWithValidUsernameAndInvalidPassword" time="0.527"/>
</testsuite> <!-- Test -->
