<?xml version="1.0" encoding="UTF-8"?>
<!-- Generated by org.testng.reporters.JUnitXMLReporter -->
<testsuite ignored="3" hostname="LAPTOP-TK04FDR9" failures="0" tests="2" name="Test" time="24.838" errors="0" timestamp="2025-10-17T08:24:50 IST">
  <testcase classname="testscript.LoginTest" name="verifyTheUserIsAbleToLoginWithValidCredentials" time="1.472"/>
  <testcase classname="testscript.NewsTest" name="verifyTheUserIsAbleToCreateTheNews" time="2.701"/>
  <testcase classname="testscript.LoginTest" name="verifyTheUserIsNotAbleToLoginWithValidUsernameAndInvalidPassword" time="0.0">
    <ignored/>
  </testcase> <!-- verifyTheUserIsNotAbleToLoginWithValidUsernameAndInvalidPassword -->
  <testcase classname="testscript.LoginTest" name="verifyTheUserIsNotAbleToLoginWithInvalidUsernameAndInvalidPassword" time="0.0">
    <ignored/>
  </testcase> <!-- verifyTheUserIsNotAbleToLoginWithInvalidUsernameAndInvalidPassword -->
  <testcase classname="testscript.LoginTest" name="verifyTheUserIsNotAbleToLoginWithInvalidUsernameAndValidPassword" time="0.0">
    <ignored/>
  </testcase> <!-- verifyTheUserIsNotAbleToLoginWithInvalidUsernameAndValidPassword -->
</testsuite> <!-- Test -->
